<?xml version="1.0" encoding="UTF-8"?>
<!-- Generated by org.testng.reporters.JUnitReportReporter -->
<testsuite hostname="VR" failures="0" tests="5" name="api.Test.TC001_CartTest" time="3.503" errors="0" timestamp="2024-12-18T16:45:22 IST" skipped="0">
  <testcase classname="api.Test.TC001_CartTest" name="testCreateToken" time="2.862"/>
  <system-out/>
  <testcase classname="api.Test.TC001_CartTest" name="testAddToCart" time="0.202"/>
  <system-out/>
  <testcase classname="api.Test.TC001_CartTest" name="testGetCart" time="0.249"/>
  <system-out/>
  <testcase classname="api.Test.TC001_CartTest" name="testEditCart" time="0.091"/>
  <system-out/>
  <testcase classname="api.Test.TC001_CartTest" name="testRemoveCart" time="0.099"/>
  <system-out/>
</testsuite> <!-- api.Test.TC001_CartTest -->
