<?xml version="1.0" encoding="UTF-8"?>
<!-- Generated by org.testng.reporters.JUnitReportReporter -->
<testsuite hostname="VR" failures="0" tests="3" name="api.Test.TC002_GorestTest" time="12.537" errors="0" timestamp="2024-12-18T16:45:22 IST" skipped="0">
  <testcase classname="api.Test.TC002_GorestTest" name="GorestTest" time="4.863"/>
  <system-out/>
  <testcase classname="api.Test.TC002_GorestTest" name="GorestTest" time="3.990"/>
  <system-out/>
  <testcase classname="api.Test.TC002_GorestTest" name="GorestTest" time="3.684"/>
  <system-out/>
</testsuite> <!-- api.Test.TC002_GorestTest -->
