<?xml version="1.0" encoding="UTF-8"?>
<!-- Generated by org.testng.reporters.JUnitReportReporter -->
<testsuite hostname="VR" failures="0" tests="3" name="api.Test.TC002_GorestTest" time="13.151" errors="0" timestamp="2024-12-18T16:53:46 IST" skipped="0">
  <testcase classname="api.Test.TC002_GorestTest" name="GorestTest" time="3.987"/>
  <system-out/>
  <testcase classname="api.Test.TC002_GorestTest" name="GorestTest" time="3.820"/>
  <system-out/>
  <testcase classname="api.Test.TC002_GorestTest" name="GorestTest" time="5.344"/>
  <system-out/>
</testsuite> <!-- api.Test.TC002_GorestTest -->
